info: May-11-2022 22:48:10: 	UserAction
info: May-11-2022 22:02:33: 	Register
info: May-11-2022 22:02:53: 	Login
info: May-11-2022 22:02:59: 	Login error
info: May-11-2022 22:09:49: 	Login error
info: May-11-2022 22:10:02: 	Login error
info: May-11-2022 22:10:14: 	Login error
info: May-11-2022 22:11:10: 	Login error
info: May-11-2022 22:13:39: 	Login error
info: May-11-2022 22:18:09: 	Login error
info: May-11-2022 22:20:28: 	Login
info: May-11-2022 22:20:41: 	Login
info: May-11-2022 22:21:21: 	Login error
info: May-11-2022 22:22:06: 	Register
info: May-11-2022 22:48:25: 	Register
info: May-12-2022 15:21:32: 	UserAction
info: May-12-2022 15:22:22: 	UserAction
info: May-12-2022 15:24:00: 	UserAction
info: May-12-2022 15:25:00: 	UserAction
info: May-12-2022 15:25:20: 	UserAction
info: May-12-2022 15:27:03: 	UserAction
info: Nov-27-2022 10:30:19: 	UserAction
info: Nov-27-2022 11:16:06: 	UserAction
info: Nov-28-2022 15:26:45: 	UserAction
info: Nov-28-2022 15:27:57: 	UserAction
info: Apr-23-2023 10:22:51: 	UserAction
info: Apr-23-2023 11:05:37: 	UserAction
info: Apr-23-2023 11:07:28: 	UserAction
info: Apr-23-2023 11:08:12: 	UserAction
info: Apr-28-2023 22:34:19: 	UserAction
info: Apr-28-2023 22:54:11: 	UserAction
info: Apr-28-2023 23:03:19: 	Register
info: Apr-28-2023 23:03:26: 	Login
info: Apr-29-2023 00:02:09: 	UserAction
info: Apr-29-2023 00:32:19: 	UserAction
info: May-11-2023 18:56:04: 	UserAction
info: May-11-2023 18:56:39: 	Register
info: May-11-2023 18:56:52: 	Login
